  generator.cpp
  plane.cpp
C:\Users\Luis\Desktop\CG\generator\plane.cpp(7,24): error C2065: 'dim': undeclared identifier
C:\Users\Luis\Desktop\CG\generator\plane.cpp(7,39): error C2065: 'dim': undeclared identifier
C:\Users\Luis\Desktop\CG\generator\plane.cpp(7,47): error C2664: 'Point::Point(const Point &)': cannot convert argument 1 from 'float' to 'const Point &'
C:\Users\Luis\Desktop\CG\generator\plane.cpp(7,47): message : Reason: cannot convert from 'float' to 'const Point'
C:\Users\Luis\Desktop\CG\generator\plane.cpp(7,47): message : No constructor could take the source type, or constructor overload resolution was ambiguous
C:\Users\Luis\Desktop\CG\headers\point.h(27,1): message : see declaration of 'Point::Point'
C:\Users\Luis\Desktop\CG\generator\plane.cpp(8,23): error C2065: 'dim': undeclared identifier
C:\Users\Luis\Desktop\CG\generator\plane.cpp(8,38): error C2065: 'dim': undeclared identifier
C:\Users\Luis\Desktop\CG\generator\plane.cpp(8,46): error C2664: 'Point::Point(const Point &)': cannot convert argument 1 from 'float' to 'const Point &'
C:\Users\Luis\Desktop\CG\generator\plane.cpp(8,46): message : Reason: cannot convert from 'float' to 'const Point'
C:\Users\Luis\Desktop\CG\generator\plane.cpp(8,46): message : No constructor could take the source type, or constructor overload resolution was ambiguous
C:\Users\Luis\Desktop\CG\headers\point.h(27,1): message : see declaration of 'Point::Point'
C:\Users\Luis\Desktop\CG\generator\plane.cpp(9,23): error C2065: 'dim': undeclared identifier
C:\Users\Luis\Desktop\CG\generator\plane.cpp(9,39): error C2065: 'dim': undeclared identifier
C:\Users\Luis\Desktop\CG\generator\plane.cpp(9,47): error C2664: 'Point::Point(const Point &)': cannot convert argument 1 from 'float' to 'const Point &'
C:\Users\Luis\Desktop\CG\generator\plane.cpp(9,47): message : Reason: cannot convert from 'float' to 'const Point'
C:\Users\Luis\Desktop\CG\generator\plane.cpp(9,47): message : No constructor could take the source type, or constructor overload resolution was ambiguous
C:\Users\Luis\Desktop\CG\headers\point.h(27,1): message : see declaration of 'Point::Point'
C:\Users\Luis\Desktop\CG\generator\plane.cpp(10,24): error C2065: 'dim': undeclared identifier
C:\Users\Luis\Desktop\CG\generator\plane.cpp(10,40): error C2065: 'dim': undeclared identifier
C:\Users\Luis\Desktop\CG\generator\plane.cpp(10,48): error C2664: 'Point::Point(const Point &)': cannot convert argument 1 from 'float' to 'const Point &'
C:\Users\Luis\Desktop\CG\generator\plane.cpp(10,48): message : Reason: cannot convert from 'float' to 'const Point'
C:\Users\Luis\Desktop\CG\generator\plane.cpp(10,48): message : No constructor could take the source type, or constructor overload resolution was ambiguous
C:\Users\Luis\Desktop\CG\headers\point.h(27,1): message : see declaration of 'Point::Point'
C:\Users\Luis\Desktop\CG\generator\plane.cpp(14,2): error C2065: 'points': undeclared identifier
C:\Users\Luis\Desktop\CG\generator\plane.cpp(15,2): error C2065: 'points': undeclared identifier
C:\Users\Luis\Desktop\CG\generator\plane.cpp(16,2): error C2065: 'points': undeclared identifier
C:\Users\Luis\Desktop\CG\generator\plane.cpp(17,2): error C2065: 'points': undeclared identifier
C:\Users\Luis\Desktop\CG\generator\plane.cpp(18,2): error C2065: 'points': undeclared identifier
C:\Users\Luis\Desktop\CG\generator\plane.cpp(19,2): error C2065: 'points': undeclared identifier
C:\Users\Luis\Desktop\CG\generator\plane.cpp(24,22): error C2079: 'myfile' uses undefined class 'std::basic_ofstream<char,std::char_traits<char>>'
C:\Users\Luis\Desktop\CG\generator\plane.cpp(28,21): error C2355: 'this': can only be referenced inside non-static member functions or non-static data member initializers
C:\Users\Luis\Desktop\CG\generator\plane.cpp(30,37): error C2563: mismatch in formal parameter list
C:\Users\Luis\Desktop\CG\generator\plane.cpp(30,37): error C2568: '<<': unable to resolve function overload
C:\Users\Luis\Desktop\CG\generator\plane.cpp(30,37): message : could be 'std::basic_ostream<_Elem,_Traits> &std::endl(std::basic_ostream<_Elem,_Traits> &)'
C:\Users\Luis\Desktop\CG\generator\plane.cpp(32,16): error C2065: 'points': undeclared identifier
  box.cpp
C:\Users\Luis\Desktop\CG\generator\../headers/box.h(18,24): warning C4244: 'initializing': conversion from 'int' to 'float', possible loss of data
C:\Users\Luis\Desktop\CG\generator\box.cpp(5,26): error C2065: 'x': undeclared identifier
C:\Users\Luis\Desktop\CG\generator\box.cpp(5,33): error C2563: mismatch in formal parameter list
C:\Users\Luis\Desktop\CG\generator\box.cpp(5,33): error C2568: '/': unable to resolve function overload
C:\Users\Luis\Desktop\CG\generator\box.cpp(5,33): message : could be 'lldiv_t div(const __int64,const __int64) throw()'
C:\Users\Luis\Desktop\CG\generator\box.cpp(5,33): message : or       'ldiv_t div(const long,const long) throw()'
C:\Users\Luis\Desktop\CG\generator\box.cpp(5,33): message : or       'div_t div(int,int)'
C:\Users\Luis\Desktop\CG\generator\box.cpp(6,26): error C2065: 'y': undeclared identifier
C:\Users\Luis\Desktop\CG\generator\box.cpp(6,33): error C2563: mismatch in formal parameter list
C:\Users\Luis\Desktop\CG\generator\box.cpp(6,33): error C2568: '/': unable to resolve function overload
C:\Users\Luis\Desktop\CG\generator\box.cpp(6,33): message : could be 'lldiv_t div(const __int64,const __int64) throw()'
C:\Users\Luis\Desktop\CG\generator\box.cpp(6,33): message : or       'ldiv_t div(const long,const long) throw()'
C:\Users\Luis\Desktop\CG\generator\box.cpp(6,33): message : or       'div_t div(int,int)'
C:\Users\Luis\Desktop\CG\generator\box.cpp(7,26): error C2065: 'y': undeclared identifier
C:\Users\Luis\Desktop\CG\generator\box.cpp(7,33): error C2563: mismatch in formal parameter list
C:\Users\Luis\Desktop\CG\generator\box.cpp(7,33): error C2568: '/': unable to resolve function overload
C:\Users\Luis\Desktop\CG\generator\box.cpp(7,33): message : could be 'lldiv_t div(const __int64,const __int64) throw()'
C:\Users\Luis\Desktop\CG\generator\box.cpp(7,33): message : or       'ldiv_t div(const long,const long) throw()'
C:\Users\Luis\Desktop\CG\generator\box.cpp(7,33): message : or       'div_t div(int,int)'
C:\Users\Luis\Desktop\CG\generator\box.cpp(9,2): error C2065: 'x': undeclared identifier
C:\Users\Luis\Desktop\CG\generator\box.cpp(9,6): error C2065: 'x': undeclared identifier
C:\Users\Luis\Desktop\CG\generator\box.cpp(10,2): error C2065: 'y': undeclared identifier
C:\Users\Luis\Desktop\CG\generator\box.cpp(10,6): error C2065: 'y': undeclared identifier
C:\Users\Luis\Desktop\CG\generator\box.cpp(11,2): error C2065: 'z': undeclared identifier
C:\Users\Luis\Desktop\CG\generator\box.cpp(11,6): error C2065: 'z': undeclared identifier
C:\Users\Luis\Desktop\CG\generator\box.cpp(15,25): error C2563: mismatch in formal parameter list
C:\Users\Luis\Desktop\CG\generator\box.cpp(15,25): error C2568: '<': unable to resolve function overload
C:\Users\Luis\Desktop\CG\generator\box.cpp(15,25): message : could be 'lldiv_t div(const __int64,const __int64) throw()'
C:\Users\Luis\Desktop\CG\generator\box.cpp(15,25): message : or       'ldiv_t div(const long,const long) throw()'
C:\Users\Luis\Desktop\CG\generator\box.cpp(15,25): message : or       'div_t div(int,int)'
C:\Users\Luis\Desktop\CG\generator\box.cpp(16,26): error C2563: mismatch in formal parameter list
C:\Users\Luis\Desktop\CG\generator\box.cpp(16,26): error C2568: '<': unable to resolve function overload
C:\Users\Luis\Desktop\CG\generator\box.cpp(16,26): message : could be 'lldiv_t div(const __int64,const __int64) throw()'
C:\Users\Luis\Desktop\CG\generator\box.cpp(16,26): message : or       'ldiv_t div(const long,const long) throw()'
C:\Users\Luis\Desktop\CG\generator\box.cpp(16,26): message : or       'div_t div(int,int)'
C:\Users\Luis\Desktop\CG\generator\box.cpp(18,26): error C2065: 'x': undeclared identifier
C:\Users\Luis\Desktop\CG\generator\box.cpp(18,53): error C2065: 'y': undeclared identifier
C:\Users\Luis\Desktop\CG\generator\box.cpp(18,57): error C2065: 'z': undeclared identifier
C:\Users\Luis\Desktop\CG\generator\box.cpp(19,4): error C2065: 'points': undeclared identifier
C:\Users\Luis\Desktop\CG\generator\box.cpp(20,26): error C2065: 'x': undeclared identifier
C:\Users\Luis\Desktop\CG\generator\box.cpp(20,53): error C2065: 'y': undeclared identifier
C:\Users\Luis\Desktop\CG\generator\box.cpp(20,57): error C2065: 'z': undeclared identifier
C:\Users\Luis\Desktop\CG\generator\box.cpp(21,4): error C2065: 'points': undeclared identifier
C:\Users\Luis\Desktop\CG\generator\box.cpp(22,26): error C2065: 'x': undeclared identifier
C:\Users\Luis\Desktop\CG\generator\box.cpp(22,59): error C2065: 'y': undeclared identifier
C:\Users\Luis\Desktop\CG\generator\box.cpp(22,63): error C2065: 'z': undeclared identifier
C:\Users\Luis\Desktop\CG\generator\box.cpp(23,4): error C2065: 'points': undeclared identifier
C:\Users\Luis\Desktop\CG\generator\box.cpp(24,26): error C2065: 'x': undeclared identifier
C:\Users\Luis\Desktop\CG\generator\box.cpp(24,59): error C2065: 'y': undeclared identifier
C:\Users\Luis\Desktop\CG\generator\box.cpp(24,63): error C2065: 'z': undeclared identifier
C:\Users\Luis\Desktop\CG\generator\box.cpp(25,4): error C2065: 'points': undeclared identifier
C:\Users\Luis\Desktop\CG\generator\box.cpp(26,26): error C2065: 'x': undeclared identifier
C:\Users\Luis\Desktop\CG\generator\box.cpp(26,53): error C2065: 'y': undeclared identifier
C:\Users\Luis\Desktop\CG\generator\box.cpp(26,57): error C2065: 'z': undeclared identifier
C:\Users\Luis\Desktop\CG\generator\box.cpp(27,4): error C2065: 'points': undeclared identifier
C:\Users\Luis\Desktop\CG\generator\box.cpp(28,26): error C2065: 'x': undeclared identifier
C:\Users\Luis\Desktop\CG\generator\box.cpp(28,59): error C2065: 'y': undeclared identifier
C:\Users\Luis\Desktop\CG\generator\box.cpp(28,63): error C2065: 'z': undeclared identifier
C:\Users\Luis\Desktop\CG\generator\box.cpp(29,4): error C2065: 'points': undeclared identifier
C:\Users\Luis\Desktop\CG\generator\box.cpp(32,27): error C2065: 'x': undeclared identifier
C:\Users\Luis\Desktop\CG\generator\box.cpp(32,55): error C2065: 'y': undeclared identifier
C:\Users\Luis\Desktop\CG\generator\box.cpp(32,59): error C2065: 'z': undeclared identifier
C:\Users\Luis\Desktop\CG\generator\box.cpp(33,4): error C2065: 'points': undeclared identifier
C:\Users\Luis\Desktop\CG\generator\box.cpp(34,27): error C2065: 'x': undeclared identifier
C:\Users\Luis\Desktop\CG\generator\box.cpp(34,61): error C2065: 'y': undeclared identifier
C:\Users\Luis\Desktop\CG\generator\box.cpp(34,65): error C2065: 'z': undeclared identifier
C:\Users\Luis\Desktop\CG\generator\box.cpp(35,4): error C2065: 'points': undeclared identifier
C:\Users\Luis\Desktop\CG\generator\box.cpp(36,27): error C2065: 'x': undeclared identifier
C:\Users\Luis\Desktop\CG\generator\box.cpp(36,55): error C2065: 'y': undeclared identifier
C:\Users\Luis\Desktop\CG\generator\box.cpp(36,59): error C2065: 'z': undeclared identifier
C:\Users\Luis\Desktop\CG\generator\box.cpp(37,4): error C2065: 'points': undeclared identifier
C:\Users\Luis\Desktop\CG\generator\box.cpp(38,27): error C2065: 'x': undeclared identifier
C:\Users\Luis\Desktop\CG\generator\box.cpp(38,55): error C2065: 'y': undeclared identifier
C:\Users\Luis\Desktop\CG\generator\box.cpp(38,59): error C2065: 'z': undeclared identifier
C:\Users\Luis\Desktop\CG\generator\box.cpp(39,4): error C2065: 'points': undeclared identifier
C:\Users\Luis\Desktop\CG\generator\box.cpp(40,27): error C2065: 'x': undeclared identifier
C:\Users\Luis\Desktop\CG\generator\box.cpp(40,61): error C2065: 'y': undeclared identifier
C:\Users\Luis\Desktop\CG\generator\box.cpp(40,65): error C2065: 'z': undeclared identifier
C:\Users\Luis\Desktop\CG\generator\box.cpp(41,4): error C2065: 'points': undeclared identifier
C:\Users\Luis\Desktop\CG\generator\box.cpp(42,27): error C2065: 'x': undeclared identifier
C:\Users\Luis\Desktop\CG\generator\box.cpp(42,61): error C2065: 'y': undeclared identifier
C:\Users\Luis\Desktop\CG\generator\box.cpp(42,65): error C2065: 'z': undeclared identifier
C:\Users\Luis\Desktop\CG\generator\box.cpp(43,4): error C2065: 'points': undeclared identifier
C:\Users\Luis\Desktop\CG\generator\box.cpp(46,26): error C2065: 'x': undeclared identifier
C:\Users\Luis\Desktop\CG\generator\box.cpp(46,30): error C2065: 'y': undeclared identifier
C:\Users\Luis\Desktop\CG\generator\box.cpp(46,58): error C2065: 'z': undeclared identifier
C:\Users\Luis\Desktop\CG\generator\box.cpp(47,4): error C2065: 'points': undeclared identifier
C:\Users\Luis\Desktop\CG\generator\box.cpp(48,26): error C2065: 'x': undeclared identifier
C:\Users\Luis\Desktop\CG\generator\box.cpp(48,30): error C2065: 'y': undeclared identifier
C:\Users\Luis\Desktop\CG\generator\box.cpp(48,64): error C2065: 'z': undeclared identifier
C:\Users\Luis\Desktop\CG\generator\box.cpp(49,4): error C2065: 'points': undeclared identifier
C:\Users\Luis\Desktop\CG\generator\box.cpp(50,26): error C2065: 'x': undeclared identifier
C:\Users\Luis\Desktop\CG\generator\box.cpp(50,30): error C2065: 'y': undeclared identifier
C:\Users\Luis\Desktop\CG\generator\box.cpp(50,58): error C2065: 'z': undeclared identifier
C:\Users\Luis\Desktop\CG\generator\box.cpp(51,4): error C2065: 'points': undeclared identifier
C:\Users\Luis\Desktop\CG\generator\box.cpp(52,26): error C2065: 'x': undeclared identifier
C:\Users\Luis\Desktop\CG\generator\box.cpp(52,30): error C2065: 'y': undeclared identifier
C:\Users\Luis\Desktop\CG\generator\box.cpp(52,58): error C2065: 'z': undeclared identifier
C:\Users\Luis\Desktop\CG\generator\box.cpp(53,4): error C2065: 'points': undeclared identifier
C:\Users\Luis\Desktop\CG\generator\box.cpp(54,26): error C2065: 'x': undeclared identifier
C:\Users\Luis\Desktop\CG\generator\box.cpp(54,30): error C2065: 'y': undeclared identifier
C:\Users\Luis\Desktop\CG\generator\box.cpp(54,64): error C2065: 'z': undeclared identifier
C:\Users\Luis\Desktop\CG\generator\box.cpp(55,4): error C2065: 'points': undeclared identifier
C:\Users\Luis\Desktop\CG\generator\box.cpp(56,26): error C2065: 'x': undeclared identifier
C:\Users\Luis\Desktop\CG\generator\box.cpp(56,30): error C2065: 'y': undeclared identifier
C:\Users\Luis\Desktop\CG\generator\box.cpp(56,64): error C2065: 'z': undeclared identifier
C:\Users\Luis\Desktop\CG\generator\box.cpp(57,4): error C2065: 'points': undeclared identifier
C:\Users\Luis\Desktop\CG\generator\box.cpp(60,27): error C2065: 'x': undeclared identifier
C:\Users\Luis\Desktop\CG\generator\box.cpp(60,31): error C2065: 'y': undeclared identifier
C:\Users\Luis\Desktop\CG\generator\box.cpp(60,59): error C2065: 'z': undeclared identifier
C:\Users\Luis\Desktop\CG\generator\box.cpp(61,4): error C2065: 'points': undeclared identifier
C:\Users\Luis\Desktop\CG\generator\box.cpp(62,27): error C2065: 'x': undeclared identifier
C:\Users\Luis\Desktop\CG\generator\box.cpp(62,31): error C2065: 'y': undeclared identifier
C:\Users\Luis\Desktop\CG\generator\box.cpp(62,59): error C2065: 'z': undeclared identifier
C:\Users\Luis\Desktop\CG\generator\box.cpp(63,4): error C2065: 'points': undeclared identifier
C:\Users\Luis\Desktop\CG\generator\box.cpp(64,27): error C2065: 'x': undeclared identifier
C:\Users\Luis\Desktop\CG\generator\box.cpp(64,31): error C2065: 'y': undeclared identifier
C:\Users\Luis\Desktop\CG\generator\box.cpp(64,33): fatal error C1003: error count exceeds 100; stopping compilation
  sphere.cpp
C:\Users\Luis\Desktop\CG\generator\sphere.cpp(8,21): error C2065: 'M_PI': undeclared identifier
C:\Users\Luis\Desktop\CG\generator\sphere.cpp(9,34): error C2065: 'M_PI': undeclared identifier
C:\Users\Luis\Desktop\CG\generator\sphere.cpp(9,42): error C2065: 'slices': undeclared identifier
C:\Users\Luis\Desktop\CG\generator\sphere.cpp(10,28): error C2065: 'M_PI': undeclared identifier
C:\Users\Luis\Desktop\CG\generator\sphere.cpp(10,35): error C2065: 'stacks': undeclared identifier
C:\Users\Luis\Desktop\CG\generator\sphere.cpp(12,25): error C2355: 'this': can only be referenced inside non-static member functions or non-static data member initializers
C:\Users\Luis\Desktop\CG\generator\sphere.cpp(13,29): error C2355: 'this': can only be referenced inside non-static member functions or non-static data member initializers
C:\Users\Luis\Desktop\CG\generator\sphere.cpp(17,24): error C2065: 'radius': undeclared identifier
C:\Users\Luis\Desktop\CG\generator\sphere.cpp(18,24): error C2065: 'radius': undeclared identifier
C:\Users\Luis\Desktop\CG\generator\sphere.cpp(19,24): error C2065: 'radius': undeclared identifier
C:\Users\Luis\Desktop\CG\generator\sphere.cpp(22,24): error C2065: 'radius': undeclared identifier
C:\Users\Luis\Desktop\CG\generator\sphere.cpp(23,24): error C2065: 'radius': undeclared identifier
C:\Users\Luis\Desktop\CG\generator\sphere.cpp(24,24): error C2065: 'radius': undeclared identifier
C:\Users\Luis\Desktop\CG\generator\sphere.cpp(27,24): error C2065: 'radius': undeclared identifier
C:\Users\Luis\Desktop\CG\generator\sphere.cpp(28,24): error C2065: 'radius': undeclared identifier
C:\Users\Luis\Desktop\CG\generator\sphere.cpp(29,24): error C2065: 'radius': undeclared identifier
C:\Users\Luis\Desktop\CG\generator\sphere.cpp(32,24): error C2065: 'radius': undeclared identifier
C:\Users\Luis\Desktop\CG\generator\sphere.cpp(33,24): error C2065: 'radius': undeclared identifier
C:\Users\Luis\Desktop\CG\generator\sphere.cpp(34,24): error C2065: 'radius': undeclared identifier
C:\Users\Luis\Desktop\CG\generator\sphere.cpp(42,13): error C2065: 'points': undeclared identifier
C:\Users\Luis\Desktop\CG\generator\sphere.cpp(45,13): error C2065: 'points': undeclared identifier
C:\Users\Luis\Desktop\CG\generator\sphere.cpp(48,13): error C2065: 'points': undeclared identifier
C:\Users\Luis\Desktop\CG\generator\sphere.cpp(52,13): error C2065: 'points': undeclared identifier
C:\Users\Luis\Desktop\CG\generator\sphere.cpp(55,13): error C2065: 'points': undeclared identifier
C:\Users\Luis\Desktop\CG\generator\sphere.cpp(58,13): error C2065: 'points': undeclared identifier
C:\Users\Luis\Desktop\CG\generator\sphere.cpp(71,25): error C2079: 'myfile' uses undefined class 'std::basic_ofstream<char,std::char_traits<char>>'
C:\Users\Luis\Desktop\CG\generator\sphere.cpp(75,24): error C2355: 'this': can only be referenced inside non-static member functions or non-static data member initializers
C:\Users\Luis\Desktop\CG\generator\sphere.cpp(77,40): error C2563: mismatch in formal parameter list
C:\Users\Luis\Desktop\CG\generator\sphere.cpp(77,40): error C2568: '<<': unable to resolve function overload
C:\Users\Luis\Desktop\CG\generator\sphere.cpp(77,40): message : could be 'std::basic_ostream<_Elem,_Traits> &std::endl(std::basic_ostream<_Elem,_Traits> &)'
C:\Users\Luis\Desktop\CG\generator\sphere.cpp(79,22): error C2065: 'points': undeclared identifier
  cone.cpp
C:\Users\Luis\Desktop\CG\generator\cone.cpp(7,28): error C2065: 'M_PI': undeclared identifier
C:\Users\Luis\Desktop\CG\generator\cone.cpp(7,36): error C2065: 'slices': undeclared identifier
C:\Users\Luis\Desktop\CG\generator\cone.cpp(7,21): error C2789: '_alpha': an object of const-qualified type must be initialized
C:\Users\Luis\Desktop\CG\generator\cone.cpp(7): message : see declaration of '_alpha'
C:\Users\Luis\Desktop\CG\generator\cone.cpp(14,22): error C2065: 'radius': undeclared identifier
C:\Users\Luis\Desktop\CG\generator\cone.cpp(16,23): error C2065: 'height': undeclared identifier
C:\Users\Luis\Desktop\CG\generator\cone.cpp(16,32): error C2065: 'stacks': undeclared identifier
C:\Users\Luis\Desktop\CG\generator\cone.cpp(16,21): error C2789: '_stack': an object of const-qualified type must be initialized
C:\Users\Luis\Desktop\CG\generator\cone.cpp(16): message : see declaration of '_stack'
C:\Users\Luis\Desktop\CG\generator\cone.cpp(18,22): error C2065: 'radius': undeclared identifier
C:\Users\Luis\Desktop\CG\generator\cone.cpp(18,31): error C2065: 'stacks': undeclared identifier
C:\Users\Luis\Desktop\CG\generator\cone.cpp(18,20): error C2789: 'theta': an object of const-qualified type must be initialized
C:\Users\Luis\Desktop\CG\generator\cone.cpp(18): message : see declaration of 'theta'
C:\Users\Luis\Desktop\CG\generator\cone.cpp(21,22): error C2065: 'stacks': undeclared identifier
C:\Users\Luis\Desktop\CG\generator\cone.cpp(22,23): error C2065: 'slices': undeclared identifier
C:\Users\Luis\Desktop\CG\generator\cone.cpp(25,14): error C2065: 'radius': undeclared identifier
C:\Users\Luis\Desktop\CG\generator\cone.cpp(26,14): error C2065: 'radius': undeclared identifier
C:\Users\Luis\Desktop\CG\generator\cone.cpp(28,4): error C2065: 'px': undeclared identifier
C:\Users\Luis\Desktop\CG\generator\cone.cpp(28,10): error C2065: 'radius': undeclared identifier
C:\Users\Luis\Desktop\CG\generator\cone.cpp(29,4): error C2065: 'pz': undeclared identifier
C:\Users\Luis\Desktop\CG\generator\cone.cpp(29,10): error C2065: 'radius': undeclared identifier
C:\Users\Luis\Desktop\CG\generator\cone.cpp(36,5): error C2065: 'points': undeclared identifier
C:\Users\Luis\Desktop\CG\generator\cone.cpp(39,5): error C2065: 'points': undeclared identifier
C:\Users\Luis\Desktop\CG\generator\cone.cpp(43,5): error C2065: 'points': undeclared identifier
C:\Users\Luis\Desktop\CG\generator\cone.cpp(46,13): error C2065: 'stacks': undeclared identifier
C:\Users\Luis\Desktop\CG\generator\cone.cpp(49,31): error C2065: 'height': undeclared identifier
C:\Users\Luis\Desktop\CG\generator\cone.cpp(50,5): error C2065: 'points': undeclared identifier
C:\Users\Luis\Desktop\CG\generator\cone.cpp(52,27): error C2065: 'radius': undeclared identifier
C:\Users\Luis\Desktop\CG\generator\cone.cpp(52,81): error C2065: 'radius': undeclared identifier
C:\Users\Luis\Desktop\CG\generator\cone.cpp(52,121): error C2664: 'Point::Point(const Point &)': cannot convert argument 1 from 'float' to 'const Point &'
C:\Users\Luis\Desktop\CG\generator\cone.cpp(52,121): message : Reason: cannot convert from 'float' to 'const Point'
C:\Users\Luis\Desktop\CG\generator\cone.cpp(52,121): message : No constructor could take the source type, or constructor overload resolution was ambiguous
C:\Users\Luis\Desktop\CG\generator\../headers/point.h(27,1): message : see declaration of 'Point::Point'
C:\Users\Luis\Desktop\CG\generator\cone.cpp(53,5): error C2065: 'points': undeclared identifier
C:\Users\Luis\Desktop\CG\generator\cone.cpp(56,27): error C2065: 'radius': undeclared identifier
C:\Users\Luis\Desktop\CG\generator\cone.cpp(56,63): error C2065: 'radius': undeclared identifier
C:\Users\Luis\Desktop\CG\generator\cone.cpp(56,109): error C2664: 'Point::Point(const Point &)': cannot convert argument 1 from 'float' to 'const Point &'
C:\Users\Luis\Desktop\CG\generator\cone.cpp(56,109): message : Reason: cannot convert from 'float' to 'const Point'
C:\Users\Luis\Desktop\CG\generator\cone.cpp(56,109): message : No constructor could take the source type, or constructor overload resolution was ambiguous
C:\Users\Luis\Desktop\CG\generator\../headers/point.h(27,1): message : see declaration of 'Point::Point'
C:\Users\Luis\Desktop\CG\generator\cone.cpp(57,5): error C2065: 'points': undeclared identifier
C:\Users\Luis\Desktop\CG\generator\cone.cpp(63,27): error C2065: 'radius': undeclared identifier
C:\Users\Luis\Desktop\CG\generator\cone.cpp(63,81): error C2065: 'radius': undeclared identifier
C:\Users\Luis\Desktop\CG\generator\cone.cpp(63,121): error C2664: 'Point::Point(const Point &)': cannot convert argument 1 from 'float' to 'const Point &'
C:\Users\Luis\Desktop\CG\generator\cone.cpp(63,121): message : Reason: cannot convert from 'float' to 'const Point'
C:\Users\Luis\Desktop\CG\generator\cone.cpp(63,121): message : No constructor could take the source type, or constructor overload resolution was ambiguous
C:\Users\Luis\Desktop\CG\generator\../headers/point.h(27,1): message : see declaration of 'Point::Point'
C:\Users\Luis\Desktop\CG\generator\cone.cpp(64,5): error C2065: 'points': undeclared identifier
C:\Users\Luis\Desktop\CG\generator\cone.cpp(66,27): error C2065: 'radius': undeclared identifier
C:\Users\Luis\Desktop\CG\generator\cone.cpp(66,89): error C2065: 'radius': undeclared identifier
C:\Users\Luis\Desktop\CG\generator\cone.cpp(66,137): error C2664: 'Point::Point(const Point &)': cannot convert argument 1 from 'float' to 'const Point &'
C:\Users\Luis\Desktop\CG\generator\cone.cpp(66,137): message : Reason: cannot convert from 'float' to 'const Point'
C:\Users\Luis\Desktop\CG\generator\cone.cpp(66,137): message : No constructor could take the source type, or constructor overload resolution was ambiguous
C:\Users\Luis\Desktop\CG\generator\../headers/point.h(27,1): message : see declaration of 'Point::Point'
C:\Users\Luis\Desktop\CG\generator\cone.cpp(67,5): error C2065: 'points': undeclared identifier
C:\Users\Luis\Desktop\CG\generator\cone.cpp(69,27): error C2065: 'radius': undeclared identifier
C:\Users\Luis\Desktop\CG\generator\cone.cpp(69,99): error C2065: 'radius': undeclared identifier
C:\Users\Luis\Desktop\CG\generator\cone.cpp(69,151): error C2664: 'Point::Point(const Point &)': cannot convert argument 1 from 'float' to 'const Point &'
C:\Users\Luis\Desktop\CG\generator\cone.cpp(69,151): message : Reason: cannot convert from 'float' to 'const Point'
C:\Users\Luis\Desktop\CG\generator\cone.cpp(69,151): message : No constructor could take the source type, or constructor overload resolution was ambiguous
C:\Users\Luis\Desktop\CG\generator\../headers/point.h(27,1): message : see declaration of 'Point::Point'
C:\Users\Luis\Desktop\CG\generator\cone.cpp(70,5): error C2065: 'points': undeclared identifier
C:\Users\Luis\Desktop\CG\generator\cone.cpp(72,27): error C2065: 'radius': undeclared identifier
C:\Users\Luis\Desktop\CG\generator\cone.cpp(72,99): error C2065: 'radius': undeclared identifier
C:\Users\Luis\Desktop\CG\generator\cone.cpp(72,151): error C2664: 'Point::Point(const Point &)': cannot convert argument 1 from 'float' to 'const Point &'
C:\Users\Luis\Desktop\CG\generator\cone.cpp(72,151): message : Reason: cannot convert from 'float' to 'const Point'
C:\Users\Luis\Desktop\CG\generator\cone.cpp(72,151): message : No constructor could take the source type, or constructor overload resolution was ambiguous
C:\Users\Luis\Desktop\CG\generator\../headers/point.h(27,1): message : see declaration of 'Point::Point'
C:\Users\Luis\Desktop\CG\generator\cone.cpp(73,5): error C2065: 'points': undeclared identifier
C:\Users\Luis\Desktop\CG\generator\cone.cpp(75,27): error C2065: 'radius': undeclared identifier
C:\Users\Luis\Desktop\CG\generator\cone.cpp(75,99): error C2065: 'radius': undeclared identifier
C:\Users\Luis\Desktop\CG\generator\cone.cpp(75,151): error C2664: 'Point::Point(const Point &)': cannot convert argument 1 from 'float' to 'const Point &'
C:\Users\Luis\Desktop\CG\generator\cone.cpp(75,151): message : Reason: cannot convert from 'float' to 'const Point'
C:\Users\Luis\Desktop\CG\generator\cone.cpp(75,151): message : No constructor could take the source type, or constructor overload resolution was ambiguous
C:\Users\Luis\Desktop\CG\generator\../headers/point.h(27,1): message : see declaration of 'Point::Point'
C:\Users\Luis\Desktop\CG\generator\cone.cpp(76,5): error C2065: 'points': undeclared identifier
C:\Users\Luis\Desktop\CG\generator\cone.cpp(78,27): error C2065: 'radius': undeclared identifier
C:\Users\Luis\Desktop\CG\generator\cone.cpp(78,81): error C2065: 'radius': undeclared identifier
C:\Users\Luis\Desktop\CG\generator\cone.cpp(78,121): error C2664: 'Point::Point(const Point &)': cannot convert argument 1 from 'float' to 'const Point &'
C:\Users\Luis\Desktop\CG\generator\cone.cpp(78,121): message : Reason: cannot convert from 'float' to 'const Point'
C:\Users\Luis\Desktop\CG\generator\cone.cpp(78,121): message : No constructor could take the source type, or constructor overload resolution was ambiguous
C:\Users\Luis\Desktop\CG\generator\../headers/point.h(27,1): message : see declaration of 'Point::Point'
C:\Users\Luis\Desktop\CG\generator\cone.cpp(79,5): error C2065: 'points': undeclared identifier
C:\Users\Luis\Desktop\CG\generator\cone.cpp(83,4): error C2065: 'px_ant': undeclared identifier
C:\Users\Luis\Desktop\CG\generator\cone.cpp(83,13): error C2065: 'px': undeclared identifier
C:\Users\Luis\Desktop\CG\generator\cone.cpp(84,4): error C2065: 'pz_ant': undeclared identifier
C:\Users\Luis\Desktop\CG\generator\cone.cpp(84,13): error C2065: 'pz': undeclared identifier
C:\Users\Luis\Desktop\CG\generator\cone.cpp(95,22): error C2079: 'myfile' uses undefined class 'std::basic_ofstream<char,std::char_traits<char>>'
C:\Users\Luis\Desktop\CG\generator\cone.cpp(99,21): error C2355: 'this': can only be referenced inside non-static member functions or non-static data member initializers
C:\Users\Luis\Desktop\CG\generator\cone.cpp(101,37): error C2563: mismatch in formal parameter list
C:\Users\Luis\Desktop\CG\generator\cone.cpp(101,37): error C2568: '<<': unable to resolve function overload
C:\Users\Luis\Desktop\CG\generator\cone.cpp(101,37): message : could be 'std::basic_ostream<_Elem,_Traits> &std::endl(std::basic_ostream<_Elem,_Traits> &)'
C:\Users\Luis\Desktop\CG\generator\cone.cpp(103,16): error C2065: 'points': undeclared identifier
  Generating Code...
